<?xml version="1.0" encoding="UTF-8"?>
<testsuite xmlns:xsi="http://www.w3.org/2001/XMLSchema-instance" xsi:noNamespaceSchemaLocation="https://maven.apache.org/surefire/maven-surefire-plugin/xsd/surefire-test-report.xsd" name="org.example.UserAddTests" time="3.515" tests="2" errors="0" skipped="0" failures="0">
  <properties>
[...]
</properties>
  <testcase name="shouldAdded" classname="org.example.UserAddTests" time="1.858"/>
  <testcase name="shouldNotAdded" classname="org.example.UserAddTests" time="1.652"/>
</testsuite>